<?xml version="1.0" encoding="UTF-8"?>
<!-- Generated by org.testng.reporters.JUnitReportReporter -->
<testsuite hostname="EC2AMAZ-VP7JDPQ" failures="0" tests="12" name="com.common.ui.New_Record_Form" time="153.412" errors="1" timestamp="26 Feb 2021 12:47:37 GMT">
  <testcase classname="com.common.ui.New_Record_Form" name="Click_On_Given_Button_On_New_Record_Pannel" time="0.000">
    <error message="
Parameter &#039;button_name&#039; is required by @Test on method Click_On_Given_Button_On_New_Record_Pannel but has not been marked @Optional or defined
in C:\Users\Administrator\Documents\workspace-spring-tool-suite-4-4.9.0.RELEASE\Automation_Project\src\test\resources\People_Module.xml" type="org.testng.TestNGException">
      <![CDATA[org.testng.TestNGException: 
Parameter 'button_name' is required by @Test on method Click_On_Given_Button_On_New_Record_Pannel but has not been marked @Optional or defined
in C:\Users\Administrator\Documents\workspace-spring-tool-suite-4-4.9.0.RELEASE\Automation_Project\src\test\resources\People_Module.xml
	at org.testng.internal.Parameters.createParameters(Parameters.java:154)
	at org.testng.internal.Parameters.createParameters(Parameters.java:361)
	at org.testng.internal.Parameters.handleParameters(Parameters.java:451)
	at org.testng.internal.Invoker.handleParameters(Invoker.java:1270)
	at org.testng.internal.Invoker.createParameters(Invoker.java:985)
	at org.testng.internal.Invoker.invokeTestMethods(Invoker.java:1075)
	at org.testng.internal.TestMethodWorker.invokeTestMethods(TestMethodWorker.java:125)
	at org.testng.internal.TestMethodWorker.run(TestMethodWorker.java:108)
	at org.testng.TestRunner.privateRun(TestRunner.java:774)
	at org.testng.TestRunner.run(TestRunner.java:624)
	at org.testng.SuiteRunner.runTest(SuiteRunner.java:359)
	at org.testng.SuiteRunner.runSequentially(SuiteRunner.java:354)
	at org.testng.SuiteRunner.privateRun(SuiteRunner.java:312)
	at org.testng.SuiteRunner.run(SuiteRunner.java:261)
	at org.testng.SuiteRunnerWorker.runSuite(SuiteRunnerWorker.java:52)
	at org.testng.SuiteRunnerWorker.run(SuiteRunnerWorker.java:86)
	at org.testng.TestNG.runSuitesSequentially(TestNG.java:1215)
	at org.testng.TestNG.runSuitesLocally(TestNG.java:1140)
	at org.testng.TestNG.run(TestNG.java:1048)
	at org.testng.remote.AbstractRemoteTestNG.run(AbstractRemoteTestNG.java:115)
	at org.testng.remote.RemoteTestNG.initAndRun(RemoteTestNG.java:251)
	at org.testng.remote.RemoteTestNG.main(RemoteTestNG.java:77)
]]>
    </error>
  </testcase> <!-- Click_On_Given_Button_On_New_Record_Pannel -->
  <testcase classname="com.common.ui.New_Record_Form" name="Click_On_Given_Button_On_New_Record_Pannel" time="20.486"/>
  <testcase classname="com.common.ui.New_Record_Form" name="Click_On_Close_Icon_On_New_Record_Pannel" time="2.417"/>
  <testcase classname="com.common.ui.New_Record_Form" name="Fill_New_Record_Form" time="0.698"/>
  <testcase classname="com.common.ui.New_Record_Form" name="Fill_New_Record_Form" time="1.525"/>
  <testcase classname="com.common.ui.New_Record_Form" name="Fill_New_Record_Form" time="1.297"/>
  <testcase classname="com.common.ui.New_Record_Form" name="Click_On_Given_Button_On_New_Record_Pannel" time="20.439"/>
  <testcase classname="com.common.ui.New_Record_Form" name="Verify_Button_Visiblity" time="0.070"/>
  <testcase classname="com.common.ui.New_Record_Form" name="Click_On_Given_Button_On_New_Record_Pannel" time="20.355"/>
  <testcase classname="com.common.ui.New_Record_Form" name="Click_On_Given_Button_On_New_Record_Pannel" time="81.361"/>
  <testcase classname="com.common.ui.New_Record_Form" name="Click_On_Close_Icon_On_New_Record_Pannel" time="2.395"/>
  <testcase classname="com.common.ui.New_Record_Form" name="Click_On_Close_Icon_On_New_Record_Pannel" time="2.369"/>
</testsuite> <!-- com.common.ui.New_Record_Form -->
