<?xml version="1.0" encoding="UTF-8"?>
<!-- Generated by org.testng.reporters.JUnitReportReporter -->
<testsuite hostname="EC2AMAZ-VP7JDPQ" name="com.common.ui.New_Record_Form" tests="12" failures="0" timestamp="27 Feb 2021 09:34:23 GMT" time="152.402" errors="1">
  <testcase name="Click_On_Given_Button_On_New_Record_Pannel" time="20.310" classname="com.common.ui.New_Record_Form"/>
  <testcase name="Click_On_Close_Icon_On_New_Record_Pannel" time="2.298" classname="com.common.ui.New_Record_Form"/>
  <testcase name="Click_On_Close_Icon_On_New_Record_Pannel" time="2.369" classname="com.common.ui.New_Record_Form"/>
  <testcase name="Click_On_Given_Button_On_New_Record_Pannel" time="81.338" classname="com.common.ui.New_Record_Form"/>
  <testcase name="Verify_Button_Visiblity" time="0.036" classname="com.common.ui.New_Record_Form"/>
  <testcase name="Fill_New_Record_Form" time="1.351" classname="com.common.ui.New_Record_Form"/>
  <testcase name="Click_On_Given_Button_On_New_Record_Pannel" time="20.391" classname="com.common.ui.New_Record_Form"/>
  <testcase name="Click_On_Given_Button_On_New_Record_Pannel" time="0.002" classname="com.common.ui.New_Record_Form">
    <error type="org.testng.TestNGException" message="
Parameter &#039;button_name&#039; is required by @Test on method Click_On_Given_Button_On_New_Record_Pannel but has not been marked @Optional or defined
in C:\Users\Administrator\.jenkins\Automation_Project\src\test\resources\People_Module.xml">
      <![CDATA[org.testng.TestNGException: 
Parameter 'button_name' is required by @Test on method Click_On_Given_Button_On_New_Record_Pannel but has not been marked @Optional or defined
in C:\Users\Administrator\.jenkins\Automation_Project\src\test\resources\People_Module.xml
	at org.testng.internal.Parameters.createParameters(Parameters.java:154)
	at org.testng.internal.Parameters.createParameters(Parameters.java:361)
	at org.testng.internal.Parameters.handleParameters(Parameters.java:451)
	at org.testng.internal.Invoker.handleParameters(Invoker.java:1270)
	at org.testng.internal.Invoker.createParameters(Invoker.java:985)
	at org.testng.internal.Invoker.invokeTestMethods(Invoker.java:1075)
	at org.testng.internal.TestMethodWorker.invokeTestMethods(TestMethodWorker.java:125)
	at org.testng.internal.TestMethodWorker.run(TestMethodWorker.java:108)
	at org.testng.TestRunner.privateRun(TestRunner.java:774)
	at org.testng.TestRunner.run(TestRunner.java:624)
	at org.testng.SuiteRunner.runTest(SuiteRunner.java:359)
	at org.testng.SuiteRunner.runSequentially(SuiteRunner.java:354)
	at org.testng.SuiteRunner.privateRun(SuiteRunner.java:312)
	at org.testng.SuiteRunner.run(SuiteRunner.java:261)
	at org.testng.SuiteRunnerWorker.runSuite(SuiteRunnerWorker.java:52)
	at org.testng.SuiteRunnerWorker.run(SuiteRunnerWorker.java:86)
	at org.testng.TestNG.runSuitesSequentially(TestNG.java:1215)
	at org.testng.TestNG.runSuitesLocally(TestNG.java:1140)
	at org.testng.TestNG.run(TestNG.java:1048)
	at org.apache.maven.surefire.testng.TestNGExecutor.run(TestNGExecutor.java:73)
	at org.apache.maven.surefire.testng.TestNGXmlTestSuite.execute(TestNGXmlTestSuite.java:94)
	at org.apache.maven.surefire.Surefire.run(Surefire.java:169)
	at sun.reflect.NativeMethodAccessorImpl.invoke0(Native Method)
	at sun.reflect.NativeMethodAccessorImpl.invoke(NativeMethodAccessorImpl.java:62)
	at sun.reflect.DelegatingMethodAccessorImpl.invoke(DelegatingMethodAccessorImpl.java:43)
	at java.lang.reflect.Method.invoke(Method.java:498)
	at org.apache.maven.surefire.booter.SurefireBooter.runSuitesInProcess(SurefireBooter.java:350)
	at org.apache.maven.surefire.booter.SurefireBooter.main(SurefireBooter.java:1021)
]]>
    </error>
  </testcase> <!-- Click_On_Given_Button_On_New_Record_Pannel -->
  <testcase name="Click_On_Close_Icon_On_New_Record_Pannel" time="2.266" classname="com.common.ui.New_Record_Form"/>
  <testcase name="Click_On_Given_Button_On_New_Record_Pannel" time="20.279" classname="com.common.ui.New_Record_Form"/>
  <testcase name="Fill_New_Record_Form" time="0.525" classname="com.common.ui.New_Record_Form"/>
  <testcase name="Fill_New_Record_Form" time="1.237" classname="com.common.ui.New_Record_Form"/>
</testsuite> <!-- com.common.ui.New_Record_Form -->
